<?xml version="1.0" encoding="UTF-8"?>
<testng-results ignored="0" total="2" passed="2" failed="0" skipped="0">
  <reporter-output>
  </reporter-output>
  <suite started-at="2023-06-27T16:52:46 IST" name="Surefire suite" finished-at="2023-06-27T16:52:47 IST" duration-ms="318">
    <groups>
    </groups>
    <test started-at="2023-06-27T16:52:46 IST" name="Surefire test" finished-at="2023-06-27T16:52:47 IST" duration-ms="318">
      <class name="unitTests.TestCodeCove">
        <test-method signature="negativeTestCase()[pri:0, instance:unitTests.TestCodeCove@7829b776]" started-at="2023-06-27T16:52:47 IST" name="negativeTestCase" finished-at="2023-06-27T16:52:47 IST" duration-ms="50" status="PASS">
          <reporter-output>
          </reporter-output>
        </test-method> <!-- negativeTestCase -->
        <test-method signature="positiveTestCase()[pri:0, instance:unitTests.TestCodeCove@7829b776]" started-at="2023-06-27T16:52:47 IST" name="positiveTestCase" finished-at="2023-06-27T16:52:47 IST" duration-ms="2" status="PASS">
          <reporter-output>
          </reporter-output>
        </test-method> <!-- positiveTestCase -->
      </class> <!-- unitTests.TestCodeCove -->
    </test> <!-- Surefire test -->
  </suite> <!-- Surefire suite -->
</testng-results>
